<?xml version="1.0" encoding="UTF-8"?>
<testng-results skipped="0" failed="0" ignored="0" total="1" passed="1">
  <reporter-output>
  </reporter-output>
  <suite name="Default suite" duration-ms="100640" started-at="2018-11-27T11:28:36Z" finished-at="2018-11-27T11:30:17Z">
    <groups>
      <group name="login">
        <method signature="demoiframe.testframe()[pri:0, instance:iframedemo.demoiframe@6a4f787b]" name="testframe" class="iframedemo.demoiframe"/>
      </group> <!-- login -->
    </groups>
    <test name="Default test" duration-ms="100640" started-at="2018-11-27T11:28:36Z" finished-at="2018-11-27T11:30:17Z">
      <class name="iframedemo.demoiframe">
        <test-method status="PASS" signature="testframe()[pri:0, instance:iframedemo.demoiframe@6a4f787b]" name="testframe" duration-ms="100549" started-at="2018-11-27T16:58:36Z" finished-at="2018-11-27T17:00:17Z">
          <reporter-output>
          </reporter-output>
        </test-method> <!-- testframe -->
      </class> <!-- iframedemo.demoiframe -->
    </test> <!-- Default test -->
  </suite> <!-- Default suite -->
</testng-results>
